# JRE version: Java(TM) SE Runtime Environment 18.9 (11.0.29+8) (build 11.0.29+8-LTS-387)
# Java VM: Java HotSpot(TM) 64-Bit Server VM 18.9 (11.0.29+8-LTS-387, mixed mode, tiered, compressed oops, g1 gc, windows-amd64)
Heap:
 garbage-first heap   total 258048K, used 124054K [0x0000000704e00000, 0x0000000800000000)
  region size 1024K, 119 young (121856K), 10 survivors (10240K)
 Metaspace       used 28799K, capacity 29526K, committed 29696K, reserved 1075200K
  class space    used 3070K, capacity 3326K, committed 3328K, reserved 1048576K
GC Heap History (6 events):
Event: 0.282 GC heap before
{Heap before GC invocations=0 (full 0):
 garbage-first heap   total 258048K, used 24576K [0x0000000704e00000, 0x0000000800000000)
  region size 1024K, 24 young (24576K), 0 survivors (0K)
 Metaspace       used 12597K, capacity 12834K, committed 12928K, reserved 1060864K
  class space    used 1273K, capacity 1350K, committed 1408K, reserved 1048576K
}
Event: 0.284 GC heap after
{Heap after GC invocations=1 (full 0):
 garbage-first heap   total 258048K, used 3533K [0x0000000704e00000, 0x0000000800000000)
  region size 1024K, 3 young (3072K), 3 survivors (3072K)
 Metaspace       used 12597K, capacity 12834K, committed 12928K, reserved 1060864K
  class space    used 1273K, capacity 1350K, committed 1408K, reserved 1048576K
}
Event: 0.744 GC heap before
{Heap before GC invocations=1 (full 0):
 garbage-first heap   total 258048K, used 73165K [0x0000000704e00000, 0x0000000800000000)
  region size 1024K, 72 young (73728K), 3 survivors (3072K)
 Metaspace       used 20804K, capacity 21098K, committed 21248K, reserved 1069056K
  class space    used 2312K, capacity 2434K, committed 2560K, reserved 1048576K
}
Event: 0.748 GC heap after
{Heap after GC invocations=2 (full 0):
 garbage-first heap   total 258048K, used 7073K [0x0000000704e00000, 0x0000000800000000)
  region size 1024K, 7 young (7168K), 7 survivors (7168K)
 Metaspace       used 20804K, capacity 21098K, committed 21248K, reserved 1069056K
  class space    used 2312K, capacity 2434K, committed 2560K, reserved 1048576K
}
Event: 1.319 GC heap before
{Heap before GC invocations=3 (full 0):
 garbage-first heap   total 258048K, used 88993K [0x0000000704e00000, 0x0000000800000000)
  region size 1024K, 87 young (89088K), 7 survivors (7168K)
 Metaspace       used 24214K, capacity 24832K, committed 25088K, reserved 1071104K
  class space    used 2605K, capacity 2802K, committed 2816K, reserved 1048576K
}
Event: 1.324 GC heap after
{Heap after GC invocations=4 (full 0):
 garbage-first heap   total 258048K, used 13462K [0x0000000704e00000, 0x0000000800000000)
  region size 1024K, 10 young (10240K), 10 survivors (10240K)
 Metaspace       used 24214K, capacity 24832K, committed 25088K, reserved 1071104K
  class space    used 2605K, capacity 2802K, committed 2816K, reserved 1048576K
}

